<?xml version="1.0" encoding="UTF-8"?>
<!-- Generated by org.testng.reporters.JUnitXMLReporter -->
<testsuite ignored="0" hostname="OCNSY-23" failures="2" tests="3" name="Default test" time="16.74" errors="0" timestamp="2025-04-01T19:21:17 IST">
  <testcase classname="io.cucumber.testng.AbstractTestNGCucumberTests" name="runScenario" time="4.988"/>
  <testcase classname="io.cucumber.testng.AbstractTestNGCucumberTests" name="runScenario" time="4.136">
    <failure type="java.lang.AssertionError" message="login page issue">
      <![CDATA[java.lang.AssertionError: login page issue
at org.testng.Assert.fail(Assert.java:111)
at stepDefinition.LoginStepDefinition.clickSubmitButton(LoginStepDefinition.java:46)
at ✽.click submit button(file:///C:/Users/ocean/git/cucumber-learning/src/test/resources/Features/loginPage.feature:14)
]]>
    </failure>
  </testcase> <!-- runScenario -->
  <testcase classname="io.cucumber.testng.AbstractTestNGCucumberTests" name="runScenario" time="6.21">
    <failure type="java.lang.AssertionError" message="login page issue">
      <![CDATA[java.lang.AssertionError: login page issue
at org.testng.Assert.fail(Assert.java:111)
at stepDefinition.LoginStepDefinition.clickSubmitButton(LoginStepDefinition.java:46)
at ✽.click submit button(file:///C:/Users/ocean/git/cucumber-learning/src/test/resources/Features/loginPage.feature:20)
]]>
    </failure>
  </testcase> <!-- runScenario -->
</testsuite> <!-- Default test -->
